<?xml version="1.0" encoding="UTF-8"?>
<!-- Generated by org.testng.reporters.JUnitReportReporter -->
<testsuite hostname="MdSpectre" failures="0" tests="2" name="test.LoginPageTest" time="46.263" errors="0" timestamp="26 Jan 2025 16:25:48 GMT" skipped="0">
  <testcase classname="test.LoginPageTest" name="loginTest" time="23.424"/>
  <testcase classname="test.LoginPageTest" name="pageTitleTest" time="22.839"/>
</testsuite> <!-- test.LoginPageTest -->
